Using pre-set license
Built from '2020.3/staging' branch; Version is '2020.3.21f1 (a38c86f6690f) revision 10718342'; Using compiler version '192528614'; Build Type 'Release'
OS: 'Windows 10 Education; OS build 19042.1288; Version 2009; 64bit' Language: 'ru' Physical Memory: 15741 MB
BatchMode: 1, IsHumanControllingUs: 0, StartBugReporterOnCrash: 0, Is64bit: 1, IsPro: 0

COMMAND LINE ARGUMENTS:
C:\Program Files\unity\2020.3.11f1\Editor\2020.3.21f1\Editor\Unity.exe
-adb2
-batchMode
-noUpm
-name
AssetImportWorker0
-projectPath
E:/E/games/runnerdostavka/projectfiles/UnityInAction/Fryst
-logFile
Logs/AssetImportWorker0.log
-srvPort
59853
Successfully changed project path to: E:/E/games/runnerdostavka/projectfiles/UnityInAction/Fryst
E:/E/games/runnerdostavka/projectfiles/UnityInAction/Fryst
Using Asset Import Pipeline V2.
Refreshing native plugins compatible for Editor in 61.32 ms, found 2 plugins.
Preloading 0 native plugins for Editor in 0.00 ms.
Initialize engine version: 2020.3.21f1 (a38c86f6690f)
[Subsystems] Discovering subsystems at path C:/Program Files/unity/2020.3.11f1/Editor/2020.3.21f1/Editor/Data/Resources/UnitySubsystems
[Subsystems] Discovering subsystems at path E:/E/games/runnerdostavka/projectfiles/UnityInAction/Fryst/Assets
GfxDevice: creating device client; threaded=0
Direct3D:
    Version:  Direct3D 11.0 [level 11.1]
    Renderer: NVIDIA GeForce GTX 1650 Ti (ID=0x1f95)
    Vendor:   
    VRAM:     3962 MB
    Driver:   30.0.14.9649
Initialize mono
Mono path[0] = 'C:/Program Files/unity/2020.3.11f1/Editor/2020.3.21f1/Editor/Data/Managed'
Mono path[1] = 'C:/Program Files/unity/2020.3.11f1/Editor/2020.3.21f1/Editor/Data/MonoBleedingEdge/lib/mono/unityjit'
Mono config path = 'C:/Program Files/unity/2020.3.11f1/Editor/2020.3.21f1/Editor/Data/MonoBleedingEdge/etc'
Using monoOptions --debugger-agent=transport=dt_socket,embedding=1,server=y,suspend=n,address=127.0.0.1:56856
Begin MonoManager ReloadAssembly
Registering precompiled unity dll's ...
Register platform support module: C:/Program Files/unity/2020.3.11f1/Editor/2020.3.21f1/Editor/Data/PlaybackEngines/WindowsStandaloneSupport/UnityEditor.WindowsStandalone.Extensions.dll
Registered in 0.001868 seconds.
Native extension for WindowsStandalone target not found
Refreshing native plugins compatible for Editor in 58.06 ms, found 2 plugins.
Preloading 0 native plugins for Editor in 0.00 ms.
Mono: successfully reloaded assembly
- Completed reload, in  2.152 seconds
Domain Reload Profiling:
	ReloadAssembly (2152ms)
		BeginReloadAssembly (57ms)
			ExecutionOrderSort (0ms)
			DisableScriptedObjects (0ms)
			BackupInstance (0ms)
			ReleaseScriptingObjects (0ms)
			CreateAndSetChildDomain (1ms)
		EndReloadAssembly (481ms)
			LoadAssemblies (55ms)
			RebuildTransferFunctionScriptingTraits (0ms)
			SetupTypeCache (144ms)
			ReleaseScriptCaches (0ms)
			RebuildScriptCaches (39ms)
			SetupLoadedEditorAssemblies (192ms)
				LogAssemblyErrors (0ms)
				InitializePlatformSupportModulesInManaged (5ms)
				SetLoadedEditorAssemblies (0ms)
				RefreshPlugins (58ms)
				BeforeProcessingInitializeOnLoad (17ms)
				ProcessInitializeOnLoadAttributes (83ms)
				ProcessInitializeOnLoadMethodAttributes (29ms)
				AfterProcessingInitializeOnLoad (0ms)
				EditorAssembliesLoaded (0ms)
			ExecutionOrderSort2 (0ms)
			AwakeInstancesAfterBackupRestoration (0ms)
Platform modules already initialized, skipping
Registering precompiled user dll's ...
Registered in 0.003541 seconds.
Begin MonoManager ReloadAssembly
Native extension for WindowsStandalone target not found
Refreshing native plugins compatible for Editor in 59.72 ms, found 2 plugins.
Preloading 0 native plugins for Editor in 0.00 ms.
Mono: successfully reloaded assembly
- Completed reload, in  1.220 seconds
Domain Reload Profiling:
	ReloadAssembly (1221ms)
		BeginReloadAssembly (151ms)
			ExecutionOrderSort (0ms)
			DisableScriptedObjects (4ms)
			BackupInstance (0ms)
			ReleaseScriptingObjects (0ms)
			CreateAndSetChildDomain (19ms)
		EndReloadAssembly (1006ms)
			LoadAssemblies (94ms)
			RebuildTransferFunctionScriptingTraits (0ms)
			SetupTypeCache (324ms)
			ReleaseScriptCaches (1ms)
			RebuildScriptCaches (61ms)
			SetupLoadedEditorAssemblies (401ms)
				LogAssemblyErrors (0ms)
				InitializePlatformSupportModulesInManaged (4ms)
				SetLoadedEditorAssemblies (0ms)
				RefreshPlugins (60ms)
				BeforeProcessingInitializeOnLoad (97ms)
				ProcessInitializeOnLoadAttributes (222ms)
				ProcessInitializeOnLoadMethodAttributes (11ms)
				AfterProcessingInitializeOnLoad (7ms)
				EditorAssembliesLoaded (0ms)
			ExecutionOrderSort2 (0ms)
			AwakeInstancesAfterBackupRestoration (6ms)
Platform modules already initialized, skipping
========================================================================
Worker process is ready to serve import requests
Launched and connected shader compiler UnityShaderCompiler.exe after 0.05 seconds
Refreshing native plugins compatible for Editor in 0.82 ms, found 2 plugins.
Preloading 0 native plugins for Editor in 0.00 ms.
Unloading 2953 Unused Serialized files (Serialized files now loaded: 0)
System memory in use before: 127.9 MB.
System memory in use after: 128.1 MB.

Unloading 43 unused Assets to reduce memory usage. Loaded Objects now: 3363.
Total: 5.283800 ms (FindLiveObjects: 0.395700 ms CreateObjectMapping: 0.124500 ms MarkObjects: 4.673800 ms  DeleteObjects: 0.088000 ms)

AssetImportParameters requested are different than current active one (requested -> active):
  custom:framework-win-MediaFoundation: 216162199b28c13a410421893ffa2e32 -> 
  custom:video-decoder-ogg-theora: a1e56fd34408186e4bbccfd4996cb3dc -> 
  custom:container-muxer-webm: aa71ff27fc2769a1b78a27578f13a17b -> 
  custom:container-demuxer-webm: 4f35f7cbe854078d1ac9338744f61a02 -> 
  custom:container-demuxer-ogg: 62fdf1f143b41e24485cea50d1cbac27 -> 
  custom:video-encoder-webm-vp8: eb34c28f22e8b96e1ab97ce403110664 -> 
  custom:video-decoder-webm-vp8: 9c59270c3fd7afecdb556c50c9e8de78 -> 
  custom:audio-decoder-ogg-vorbis: bf7c407c2cedff20999df2af8eb42d56 -> 
  custom:audio-encoder-webm-vorbis: bf7c407c2cedff20999df2af8eb42d56 -> 
========================================================================
Received Import Request.
  path: Assets/Models/kitchen props
  artifactKey: Guid(5913d1c93972f344c929c61dad15d93b) Importer(815301076,1909f56bfc062723c751e8b465ee728b)
Start importing Assets/Models/kitchen props using Guid(5913d1c93972f344c929c61dad15d93b) Importer(815301076,1909f56bfc062723c751e8b465ee728b)  -> (artifact id: '6b2ed74098b8bf5f7fadb8c8f849f174') in 0.005422 seconds 
  Import took 0.309796 seconds .

========================================================================
Received Import Request.
  Time since last request: 321.596318 seconds.
  path: Assets/Models/toaster2.fbx
  artifactKey: Guid(6147f0fe249c92c418683aca75030642) Importer(815301076,1909f56bfc062723c751e8b465ee728b)
Start importing Assets/Models/toaster2.fbx using Guid(6147f0fe249c92c418683aca75030642) Importer(815301076,1909f56bfc062723c751e8b465ee728b)  -> (artifact id: 'eb738e81bee56d6980adbb70679a1de3') in 0.336508 seconds 
  Import took 0.371752 seconds .

========================================================================
Received Import Request.
  Time since last request: 35.688996 seconds.
  path: Assets/Models/kitchen props/materials
  artifactKey: Guid(2959eb34c85885d4ab97232d6428fae9) Importer(815301076,1909f56bfc062723c751e8b465ee728b)
Start importing Assets/Models/kitchen props/materials using Guid(2959eb34c85885d4ab97232d6428fae9) Importer(815301076,1909f56bfc062723c751e8b465ee728b)  -> (artifact id: 'cb149b9969a087ea7d5b467fc9ead7a7') in 0.001824 seconds 
  Import took 0.006582 seconds .

========================================================================
Received Import Request.
  Time since last request: 0.046727 seconds.
  path: Assets/Models/kitchen props/materials/breakfast-bar.mat
  artifactKey: Guid(07629005d589058469287e37c2829820) Importer(815301076,1909f56bfc062723c751e8b465ee728b)
Start importing Assets/Models/kitchen props/materials/breakfast-bar.mat using Guid(07629005d589058469287e37c2829820) Importer(815301076,1909f56bfc062723c751e8b465ee728b)  -> (artifact id: 'ccb5b6076a96cbd76ffaecd3fa2f2f02') in 0.628637 seconds 
  Import took 0.667439 seconds .

========================================================================
Received Import Request.
  Time since last request: 0.000375 seconds.
  path: Assets/Models/kitchen props/materials/coffee-cups.mat
  artifactKey: Guid(bb5634b2ffdc5454fa1e02c337bfa831) Importer(815301076,1909f56bfc062723c751e8b465ee728b)
Start importing Assets/Models/kitchen props/materials/coffee-cups.mat using Guid(bb5634b2ffdc5454fa1e02c337bfa831) Importer(815301076,1909f56bfc062723c751e8b465ee728b)  -> (artifact id: 'aa8dc44044b9a967a9bf7ec6b630a356') in 0.614555 seconds 
  Import took 0.639545 seconds .

========================================================================
Received Import Request.
  Time since last request: 0.000441 seconds.
  path: Assets/Models/kitchen props/materials/china-plate.mat
  artifactKey: Guid(ef66d3256f1c3f641a845f9c1968dc13) Importer(815301076,1909f56bfc062723c751e8b465ee728b)
Start importing Assets/Models/kitchen props/materials/china-plate.mat using Guid(ef66d3256f1c3f641a845f9c1968dc13) Importer(815301076,1909f56bfc062723c751e8b465ee728b)  -> (artifact id: 'e6edefceef46caaa70953cfd78a74684') in 0.455692 seconds 
  Import took 0.472486 seconds .

========================================================================
Received Import Request.
  Time since last request: 0.000290 seconds.
  path: Assets/Models/kitchen props/materials/mugb.mat
  artifactKey: Guid(f48424f1fffe39b4f873284f4ee6d4e8) Importer(815301076,1909f56bfc062723c751e8b465ee728b)
Start importing Assets/Models/kitchen props/materials/mugb.mat using Guid(f48424f1fffe39b4f873284f4ee6d4e8) Importer(815301076,1909f56bfc062723c751e8b465ee728b)  -> (artifact id: 'b6a96c225257fec3fb31dc18ef091f25') in 0.430710 seconds 
  Import took 0.445820 seconds .

========================================================================
Received Import Request.
  Time since last request: 0.000323 seconds.
  path: Assets/Models/kitchen props/materials/platesb.mat
  artifactKey: Guid(e9d7a1ade38403b4e91e2ac80017c20e) Importer(815301076,1909f56bfc062723c751e8b465ee728b)
Start importing Assets/Models/kitchen props/materials/platesb.mat using Guid(e9d7a1ade38403b4e91e2ac80017c20e) Importer(815301076,1909f56bfc062723c751e8b465ee728b)  -> (artifact id: '1ea96dd146db430e4809b2f95635ccba') in 0.448663 seconds 
  Import took 0.479209 seconds .

========================================================================
Received Import Request.
  Time since last request: 0.000489 seconds.
  path: Assets/Models/kitchen props/materials/toaster.mat
  artifactKey: Guid(88b6dc8c22c60a54fafc2024e3bd1c7d) Importer(815301076,1909f56bfc062723c751e8b465ee728b)
Start importing Assets/Models/kitchen props/materials/toaster.mat using Guid(88b6dc8c22c60a54fafc2024e3bd1c7d) Importer(815301076,1909f56bfc062723c751e8b465ee728b)  -> (artifact id: 'cbe2fabc7b27782ab7a8a88c08aba97b') in 0.113984 seconds 
  Import took 0.140967 seconds .

========================================================================
Received Import Request.
  Time since last request: 0.000290 seconds.
  path: Assets/Models/kitchen props/materials/knives.mat
  artifactKey: Guid(b27f687fc7f53a64d83610085bd6035b) Importer(815301076,1909f56bfc062723c751e8b465ee728b)
Start importing Assets/Models/kitchen props/materials/knives.mat using Guid(b27f687fc7f53a64d83610085bd6035b) Importer(815301076,1909f56bfc062723c751e8b465ee728b)  -> (artifact id: 'd331851978be13ae3af607c9298c04c5') in 0.434280 seconds 
  Import took 0.454141 seconds .

========================================================================
Received Import Request.
  Time since last request: 0.000458 seconds.
  path: Assets/Models/kitchen props/materials/plates.mat
  artifactKey: Guid(a0ae7c41fdb3eb0419823ee09fb639b4) Importer(815301076,1909f56bfc062723c751e8b465ee728b)
Start importing Assets/Models/kitchen props/materials/plates.mat using Guid(a0ae7c41fdb3eb0419823ee09fb639b4) Importer(815301076,1909f56bfc062723c751e8b465ee728b)  -> (artifact id: 'cefa8da6b46a24f5622125d6a7f95050') in 0.289093 seconds 
  Import took 0.320625 seconds .

========================================================================
Received Import Request.
  Time since last request: 0.000284 seconds.
  path: Assets/Models/kitchen props/materials/mug.mat
  artifactKey: Guid(e451e71003a14534abad869c41c8e733) Importer(815301076,1909f56bfc062723c751e8b465ee728b)
Start importing Assets/Models/kitchen props/materials/mug.mat using Guid(e451e71003a14534abad869c41c8e733) Importer(815301076,1909f56bfc062723c751e8b465ee728b)  -> (artifact id: '4ab007f5ab4cb247ad5c2f61cf59ee3a') in 0.255610 seconds 
  Import took 0.278290 seconds .

========================================================================
Received Import Request.
  Time since last request: 0.000433 seconds.
  path: Assets/Models/kitchen props/materials/toaster-2.mat
  artifactKey: Guid(d80f90649d0bf7448a779585d221995f) Importer(815301076,1909f56bfc062723c751e8b465ee728b)
Start importing Assets/Models/kitchen props/materials/toaster-2.mat using Guid(d80f90649d0bf7448a779585d221995f) Importer(815301076,1909f56bfc062723c751e8b465ee728b)  -> (artifact id: 'c39166974479cf16d75e8985db930616') in 0.783984 seconds 
  Import took 0.807210 seconds .

========================================================================
Received Import Request.
  Time since last request: 0.000334 seconds.
  path: Assets/Models/kitchen props/materials/counter.mat
  artifactKey: Guid(cc562f63147f83443989c4ee021af5d5) Importer(815301076,1909f56bfc062723c751e8b465ee728b)
Start importing Assets/Models/kitchen props/materials/counter.mat using Guid(cc562f63147f83443989c4ee021af5d5) Importer(815301076,1909f56bfc062723c751e8b465ee728b)  -> (artifact id: 'fd5642257067322977e5e5d40979f3c9') in 0.435939 seconds 
  Import took 0.464949 seconds .

========================================================================
Received Import Request.
  Time since last request: 0.000311 seconds.
  path: Assets/Models/kitchen props/materials/drainer.mat
  artifactKey: Guid(54e920447cfb1e54889e79e9fb4b896f) Importer(815301076,1909f56bfc062723c751e8b465ee728b)
Start importing Assets/Models/kitchen props/materials/drainer.mat using Guid(54e920447cfb1e54889e79e9fb4b896f) Importer(815301076,1909f56bfc062723c751e8b465ee728b)  -> (artifact id: '7b0ae21c37f7fc7bb62c40c74cb6a356') in 0.442375 seconds 
  Import took 0.480700 seconds .

========================================================================
Received Import Request.
  Time since last request: 39.255468 seconds.
  path: Assets/Models/kitchen props/materials/toaster.mat
  artifactKey: Guid(88b6dc8c22c60a54fafc2024e3bd1c7d) Importer(815301076,1909f56bfc062723c751e8b465ee728b)
Start importing Assets/Models/kitchen props/materials/toaster.mat using Guid(88b6dc8c22c60a54fafc2024e3bd1c7d) Importer(815301076,1909f56bfc062723c751e8b465ee728b)  -> (artifact id: '3806d6224b85072a0ced822a02862334') in 0.109361 seconds 
  Import took 0.121858 seconds .

========================================================================
Received Import Request.
  Time since last request: 20.855208 seconds.
  path: Assets/Models/kitchen props/textures/breakfast-bar_albedo.tga
  artifactKey: Guid(5adda16a69ee68c4cac7d40076111790) Importer(815301076,1909f56bfc062723c751e8b465ee728b)
Start importing Assets/Models/kitchen props/textures/breakfast-bar_albedo.tga using Guid(5adda16a69ee68c4cac7d40076111790) Importer(815301076,1909f56bfc062723c751e8b465ee728b)  -> (artifact id: 'ddd2a651cec32d644fb4f4163a6b3d52') in 0.067668 seconds 
  Import took 0.162690 seconds .

========================================================================
Received Import Request.
  Time since last request: 0.000298 seconds.
  path: Assets/Models/kitchen props/textures/china-plate_ao.tga
  artifactKey: Guid(067fd2bb780fcea4885b3f6fa80af089) Importer(815301076,1909f56bfc062723c751e8b465ee728b)
Start importing Assets/Models/kitchen props/textures/china-plate_ao.tga using Guid(067fd2bb780fcea4885b3f6fa80af089) Importer(815301076,1909f56bfc062723c751e8b465ee728b)  -> (artifact id: '6ca3517797babfa64509a7070dfb2c6c') in 0.060474 seconds 
  Import took 0.079591 seconds .

========================================================================
Received Import Request.
  Time since last request: 0.000384 seconds.
  path: Assets/Models/kitchen props/textures/plates-metal.tga
  artifactKey: Guid(0c12f1a2fe6f31d4e91a301c3b6f26b5) Importer(815301076,1909f56bfc062723c751e8b465ee728b)
Start importing Assets/Models/kitchen props/textures/plates-metal.tga using Guid(0c12f1a2fe6f31d4e91a301c3b6f26b5) Importer(815301076,1909f56bfc062723c751e8b465ee728b)  -> (artifact id: '8dd5c3ecc015c2e34f7199693959f6eb') in 0.067107 seconds 
  Import took 0.084751 seconds .

========================================================================
Received Import Request.
  Time since last request: 0.000263 seconds.
  path: Assets/Models/kitchen props/textures/toaster_metal.tga
  artifactKey: Guid(53a515a364a2c384fa3ba862467e8095) Importer(815301076,1909f56bfc062723c751e8b465ee728b)
Start importing Assets/Models/kitchen props/textures/toaster_metal.tga using Guid(53a515a364a2c384fa3ba862467e8095) Importer(815301076,1909f56bfc062723c751e8b465ee728b)  -> (artifact id: '59f26e9500354b9bf14d26acb9e20299') in 0.064860 seconds 
  Import took 0.075181 seconds .

========================================================================
Received Import Request.
  Time since last request: 0.000269 seconds.
  path: Assets/Models/kitchen props/textures/toaster_normal.tga
  artifactKey: Guid(26a67d90132879247b5bee0804060c32) Importer(815301076,1909f56bfc062723c751e8b465ee728b)
Start importing Assets/Models/kitchen props/textures/toaster_normal.tga using Guid(26a67d90132879247b5bee0804060c32) Importer(815301076,1909f56bfc062723c751e8b465ee728b)  -> (artifact id: 'dcf543c89c3b4b0b2f2ee32482773789') in 0.060090 seconds 
  Import took 0.067833 seconds .

========================================================================
Received Import Request.
  Time since last request: 0.000276 seconds.
  path: Assets/Models/kitchen props/textures/toaster_albedo2.tga
  artifactKey: Guid(96c6b84433c383d41a055b98a5ce2288) Importer(815301076,1909f56bfc062723c751e8b465ee728b)
Start importing Assets/Models/kitchen props/textures/toaster_albedo2.tga using Guid(96c6b84433c383d41a055b98a5ce2288) Importer(815301076,1909f56bfc062723c751e8b465ee728b)  -> (artifact id: '7cac8b77c791e7440935be1addc6ca57') in 0.069348 seconds 
  Import took 0.073677 seconds .

========================================================================
Received Import Request.
  Time since last request: 0.000277 seconds.
  path: Assets/Models/kitchen props/textures/counter_albedo.tga
  artifactKey: Guid(e51fa22f343ecdb40840d29ddcd50f96) Importer(815301076,1909f56bfc062723c751e8b465ee728b)
Start importing Assets/Models/kitchen props/textures/counter_albedo.tga using Guid(e51fa22f343ecdb40840d29ddcd50f96) Importer(815301076,1909f56bfc062723c751e8b465ee728b)  -> (artifact id: '9d4227a07dcccf0c96e323fd590832ce') in 0.059496 seconds 
  Import took 0.084921 seconds .

========================================================================
Received Import Request.
  Time since last request: 0.000490 seconds.
  path: Assets/Models/kitchen props/textures/toaster_albedo.tga
  artifactKey: Guid(dc4265a06c937d74a8bc0a84d9371645) Importer(815301076,1909f56bfc062723c751e8b465ee728b)
Start importing Assets/Models/kitchen props/textures/toaster_albedo.tga using Guid(dc4265a06c937d74a8bc0a84d9371645) Importer(815301076,1909f56bfc062723c751e8b465ee728b)  -> (artifact id: '92b175df4831bf7d450415146d91a956') in 0.064719 seconds 
  Import took 0.097274 seconds .

========================================================================
Received Import Request.
  Time since last request: 0.000279 seconds.
  path: Assets/Models/kitchen props/textures/coffee-cups_ao.tga
  artifactKey: Guid(42230c102896cd744af25d4d5d6653f3) Importer(815301076,1909f56bfc062723c751e8b465ee728b)
Start importing Assets/Models/kitchen props/textures/coffee-cups_ao.tga using Guid(42230c102896cd744af25d4d5d6653f3) Importer(815301076,1909f56bfc062723c751e8b465ee728b)  -> (artifact id: 'a9442e7fdf4d1f6c67b848fb361c8e91') in 0.065232 seconds 
  Import took 0.090504 seconds .

========================================================================
Received Import Request.
  Time since last request: 0.000270 seconds.
  path: Assets/Models/kitchen props/textures/china-plate_normal.tga
  artifactKey: Guid(62e8281d53912b840962ecddccae0996) Importer(815301076,1909f56bfc062723c751e8b465ee728b)
Start importing Assets/Models/kitchen props/textures/china-plate_normal.tga using Guid(62e8281d53912b840962ecddccae0996) Importer(815301076,1909f56bfc062723c751e8b465ee728b)  -> (artifact id: '5af450fbd4d1ee405595527969269e96') in 0.058196 seconds 
  Import took 0.063348 seconds .

========================================================================
Received Import Request.
  Time since last request: 0.000407 seconds.
  path: Assets/Models/kitchen props/textures/china-plate_albedo.tga
  artifactKey: Guid(15c4173953b8d2c4dbf27b536ed08bd3) Importer(815301076,1909f56bfc062723c751e8b465ee728b)
Start importing Assets/Models/kitchen props/textures/china-plate_albedo.tga using Guid(15c4173953b8d2c4dbf27b536ed08bd3) Importer(815301076,1909f56bfc062723c751e8b465ee728b)  -> (artifact id: '51b0ebc4a17c4645ddacb4a77b18fca3') in 0.055926 seconds 
  Import took 0.088675 seconds .

========================================================================
Received Import Request.
  Time since last request: 0.000415 seconds.
  path: Assets/Models/kitchen props/textures/coffee-cups_albedo.tga
  artifactKey: Guid(c6e005faf359871418568e46665f5b3a) Importer(815301076,1909f56bfc062723c751e8b465ee728b)
Start importing Assets/Models/kitchen props/textures/coffee-cups_albedo.tga using Guid(c6e005faf359871418568e46665f5b3a) Importer(815301076,1909f56bfc062723c751e8b465ee728b)  -> (artifact id: '0752571e11a5ccc79f4d34aee0df5ea4') in 0.059000 seconds 
  Import took 0.078212 seconds .

========================================================================
Received Import Request.
  Time since last request: 0.000420 seconds.
  path: Assets/Models/kitchen props/textures/counter_ao.tga
  artifactKey: Guid(1498ac38e6cc26d4cbdac88a70b9a694) Importer(815301076,1909f56bfc062723c751e8b465ee728b)
Start importing Assets/Models/kitchen props/textures/counter_ao.tga using Guid(1498ac38e6cc26d4cbdac88a70b9a694) Importer(815301076,1909f56bfc062723c751e8b465ee728b)  -> (artifact id: '8342428b1d762d3f8b4e3b4c6ff675d0') in 0.110284 seconds 
  Import took 0.143041 seconds .

========================================================================
Received Import Request.
  Time since last request: 0.000342 seconds.
  path: Assets/Models/kitchen props/textures/plates-ao.tga
  artifactKey: Guid(94db21138cfffba41a590de0a2d8ac51) Importer(815301076,1909f56bfc062723c751e8b465ee728b)
Start importing Assets/Models/kitchen props/textures/plates-ao.tga using Guid(94db21138cfffba41a590de0a2d8ac51) Importer(815301076,1909f56bfc062723c751e8b465ee728b)  -> (artifact id: 'ba8db84d1379779773ece4d8a09e208f') in 0.063706 seconds 
  Import took 0.092589 seconds .

========================================================================
Received Import Request.
  Time since last request: 0.000305 seconds.
  path: Assets/Models/kitchen props/textures/counter_normal.tga
  artifactKey: Guid(56a0944b7714fa74eab8d4b7490e57d6) Importer(815301076,1909f56bfc062723c751e8b465ee728b)
Start importing Assets/Models/kitchen props/textures/counter_normal.tga using Guid(56a0944b7714fa74eab8d4b7490e57d6) Importer(815301076,1909f56bfc062723c751e8b465ee728b)  -> (artifact id: 'f6c8ea2e4a88c8913d8cfd5760b3b2ea') in 0.058482 seconds 
  Import took 0.067836 seconds .

========================================================================
Received Import Request.
  Time since last request: 0.000535 seconds.
  path: Assets/Models/kitchen props/textures/breakfast-bar_ao.tga
  artifactKey: Guid(f91a4cb6cb256ee4698f8a4af14a069e) Importer(815301076,1909f56bfc062723c751e8b465ee728b)
Start importing Assets/Models/kitchen props/textures/breakfast-bar_ao.tga using Guid(f91a4cb6cb256ee4698f8a4af14a069e) Importer(815301076,1909f56bfc062723c751e8b465ee728b)  -> (artifact id: '6eb0f40e43b23a59c492c727b776ac38') in 0.055841 seconds 
  Import took 0.071370 seconds .

========================================================================
Received Import Request.
  Time since last request: 0.000289 seconds.
  path: Assets/Models/kitchen props/textures/breakfast-bar_metal.tga
  artifactKey: Guid(385c3639ab561534da42850764dabacd) Importer(815301076,1909f56bfc062723c751e8b465ee728b)
Start importing Assets/Models/kitchen props/textures/breakfast-bar_metal.tga using Guid(385c3639ab561534da42850764dabacd) Importer(815301076,1909f56bfc062723c751e8b465ee728b)  -> (artifact id: '58da36051440e9bbb4987f70d18e3d4f') in 0.057436 seconds 
  Import took 0.138487 seconds .

========================================================================
Received Import Request.
  Time since last request: 0.000320 seconds.
  path: Assets/Models/kitchen props/textures/dish-rack_albedo.tga
  artifactKey: Guid(ba291510e3747c2488609af0769706ba) Importer(815301076,1909f56bfc062723c751e8b465ee728b)
Start importing Assets/Models/kitchen props/textures/dish-rack_albedo.tga using Guid(ba291510e3747c2488609af0769706ba) Importer(815301076,1909f56bfc062723c751e8b465ee728b)  -> (artifact id: 'aec9b78913d2cd1066a3c5e066e9a2dc') in 0.050677 seconds 
  Import took 0.067128 seconds .

========================================================================
Received Import Request.
  Time since last request: 0.000300 seconds.
  path: Assets/Models/kitchen props/textures/dish-rack_ao.tga
  artifactKey: Guid(dfae329cca096684983ee6e7f8bec761) Importer(815301076,1909f56bfc062723c751e8b465ee728b)
Start importing Assets/Models/kitchen props/textures/dish-rack_ao.tga using Guid(dfae329cca096684983ee6e7f8bec761) Importer(815301076,1909f56bfc062723c751e8b465ee728b)  -> (artifact id: '858fc62f128011ea8aa07fef96ff8def') in 0.045522 seconds 
  Import took 0.072581 seconds .

========================================================================
Received Import Request.
  Time since last request: 0.000287 seconds.
  path: Assets/Models/kitchen props/textures/plates-albedo-dirty.tga
  artifactKey: Guid(d3427f1ee2064b846aec623841dba6dc) Importer(815301076,1909f56bfc062723c751e8b465ee728b)
Start importing Assets/Models/kitchen props/textures/plates-albedo-dirty.tga using Guid(d3427f1ee2064b846aec623841dba6dc) Importer(815301076,1909f56bfc062723c751e8b465ee728b)  -> (artifact id: 'f30809d5c3d7eb70133564dbea20c357') in 0.050972 seconds 
  Import took 0.055335 seconds .

========================================================================
Received Import Request.
  Time since last request: 0.000348 seconds.
  path: Assets/Models/kitchen props/textures/knives_normal.tga
  artifactKey: Guid(82bb843dd797c5e49a288d4a1bb8e3f0) Importer(815301076,1909f56bfc062723c751e8b465ee728b)
Start importing Assets/Models/kitchen props/textures/knives_normal.tga using Guid(82bb843dd797c5e49a288d4a1bb8e3f0) Importer(815301076,1909f56bfc062723c751e8b465ee728b)  -> (artifact id: 'd9de6e5ac150e9e7b542ad2fc82e7bf1') in 0.051293 seconds 
  Import took 0.062208 seconds .

========================================================================
Received Import Request.
  Time since last request: 0.000516 seconds.
  path: Assets/Models/kitchen props/textures/plates-normal.tga
  artifactKey: Guid(122a29362221f0a48a6c381b00414a10) Importer(815301076,1909f56bfc062723c751e8b465ee728b)
Start importing Assets/Models/kitchen props/textures/plates-normal.tga using Guid(122a29362221f0a48a6c381b00414a10) Importer(815301076,1909f56bfc062723c751e8b465ee728b)  -> (artifact id: 'f8af60e0ea039ba16da6785d427398ca') in 0.051417 seconds 
  Import took 0.085945 seconds .

========================================================================
Received Import Request.
  Time since last request: 0.000296 seconds.
  path: Assets/Models/kitchen props/textures/mug-normal.tga
  artifactKey: Guid(db1216cfa141bc049b1ce44010d094b1) Importer(815301076,1909f56bfc062723c751e8b465ee728b)
Start importing Assets/Models/kitchen props/textures/mug-normal.tga using Guid(db1216cfa141bc049b1ce44010d094b1) Importer(815301076,1909f56bfc062723c751e8b465ee728b)  -> (artifact id: '53d64f854ec83fbcbaa878aeba89d450') in 0.052575 seconds 
  Import took 0.057024 seconds .

========================================================================
Received Import Request.
  Time since last request: 0.000250 seconds.
  path: Assets/Models/kitchen props/textures/mug-albedo-dirt.tga
  artifactKey: Guid(0cbc6e346b8fa124881ff7706037aafd) Importer(815301076,1909f56bfc062723c751e8b465ee728b)
Start importing Assets/Models/kitchen props/textures/mug-albedo-dirt.tga using Guid(0cbc6e346b8fa124881ff7706037aafd) Importer(815301076,1909f56bfc062723c751e8b465ee728b)  -> (artifact id: '70402acc67469aa81e9687e51adebf9e') in 0.048958 seconds 
  Import took 0.053341 seconds .

========================================================================
Received Import Request.
  Time since last request: 0.000300 seconds.
  path: Assets/Models/kitchen props/textures/toaster_ao.tga
  artifactKey: Guid(ed086ea4beb346b4aae324c6e62ba8a9) Importer(815301076,1909f56bfc062723c751e8b465ee728b)
Start importing Assets/Models/kitchen props/textures/toaster_ao.tga using Guid(ed086ea4beb346b4aae324c6e62ba8a9) Importer(815301076,1909f56bfc062723c751e8b465ee728b)  -> (artifact id: '8ad48f7632963740126b2af39cb9ee5b') in 0.049778 seconds 
  Import took 0.068467 seconds .

========================================================================
Received Import Request.
  Time since last request: 0.000569 seconds.
  path: Assets/Models/kitchen props/textures/coffee-cups_normal.tga
  artifactKey: Guid(6ef770adaeac3694f8c47303dc3e89ce) Importer(815301076,1909f56bfc062723c751e8b465ee728b)
Start importing Assets/Models/kitchen props/textures/coffee-cups_normal.tga using Guid(6ef770adaeac3694f8c47303dc3e89ce) Importer(815301076,1909f56bfc062723c751e8b465ee728b)  -> (artifact id: '1deb73a59a20c3aef39efd8d19a45cd7') in 0.052259 seconds 
  Import took 0.063748 seconds .

========================================================================
Received Import Request.
  Time since last request: 0.000258 seconds.
  path: Assets/Models/kitchen props/textures/knives_metal.tga
  artifactKey: Guid(ed628e40ad4784c4ea4120a900d1d05b) Importer(815301076,1909f56bfc062723c751e8b465ee728b)
Start importing Assets/Models/kitchen props/textures/knives_metal.tga using Guid(ed628e40ad4784c4ea4120a900d1d05b) Importer(815301076,1909f56bfc062723c751e8b465ee728b)  -> (artifact id: '98272dee011cdca5eaaa863eb0352edf') in 0.057107 seconds 
  Import took 0.064692 seconds .

========================================================================
Received Import Request.
  Time since last request: 0.000305 seconds.
  path: Assets/Models/kitchen props/textures/china-plate_metal.tga
  artifactKey: Guid(949698010af23604db2d66a9aa46df35) Importer(815301076,1909f56bfc062723c751e8b465ee728b)
Start importing Assets/Models/kitchen props/textures/china-plate_metal.tga using Guid(949698010af23604db2d66a9aa46df35) Importer(815301076,1909f56bfc062723c751e8b465ee728b)  -> (artifact id: 'da58dfa22c7ce2ed93b3586f0996356f') in 0.052432 seconds 
  Import took 0.077102 seconds .

========================================================================
Received Import Request.
  Time since last request: 0.000299 seconds.
  path: Assets/Models/kitchen props/textures/knives_albedo.tga
  artifactKey: Guid(17f96167990351f49a948d3c045d80c4) Importer(815301076,1909f56bfc062723c751e8b465ee728b)
Start importing Assets/Models/kitchen props/textures/knives_albedo.tga using Guid(17f96167990351f49a948d3c045d80c4) Importer(815301076,1909f56bfc062723c751e8b465ee728b)  -> (artifact id: '57b35b95be358ebf6d7a8a585e28529c') in 0.048905 seconds 
  Import took 0.053150 seconds .

========================================================================
Received Import Request.
  Time since last request: 0.000320 seconds.
  path: Assets/Models/kitchen props/textures/mug_albedo.tga
  artifactKey: Guid(a9b20be183b460c429e825cd64baf74a) Importer(815301076,1909f56bfc062723c751e8b465ee728b)
Start importing Assets/Models/kitchen props/textures/mug_albedo.tga using Guid(a9b20be183b460c429e825cd64baf74a) Importer(815301076,1909f56bfc062723c751e8b465ee728b)  -> (artifact id: '46000e81bd7db28294f38e64aa4af840') in 0.051342 seconds 
  Import took 0.085108 seconds .

========================================================================
Received Import Request.
  Time since last request: 0.000449 seconds.
  path: Assets/Models/kitchen props/textures/knives-ao.tga
  artifactKey: Guid(1795fc6e0768dcb409eb12c17646a8b9) Importer(815301076,1909f56bfc062723c751e8b465ee728b)
Start importing Assets/Models/kitchen props/textures/knives-ao.tga using Guid(1795fc6e0768dcb409eb12c17646a8b9) Importer(815301076,1909f56bfc062723c751e8b465ee728b)  -> (artifact id: 'e96d9d6f39dd8b4cb4a7187a7dfd9b09') in 0.050140 seconds 
  Import took 0.068748 seconds .

========================================================================
Received Import Request.
  Time since last request: 0.000396 seconds.
  path: Assets/Models/kitchen props/textures/breakfast-bar_normal.tga
  artifactKey: Guid(caceb824322daf54b9c6888b8eb9de29) Importer(815301076,1909f56bfc062723c751e8b465ee728b)
Start importing Assets/Models/kitchen props/textures/breakfast-bar_normal.tga using Guid(caceb824322daf54b9c6888b8eb9de29) Importer(815301076,1909f56bfc062723c751e8b465ee728b)  -> (artifact id: '7fd49bbe18d7280422afabb8fd58ff17') in 0.051564 seconds 
  Import took 0.056320 seconds .

========================================================================
Received Import Request.
  Time since last request: 0.000306 seconds.
  path: Assets/Models/kitchen props/textures/counter_metal.tga
  artifactKey: Guid(22011749227a6ad438d87906b56a243d) Importer(815301076,1909f56bfc062723c751e8b465ee728b)
Start importing Assets/Models/kitchen props/textures/counter_metal.tga using Guid(22011749227a6ad438d87906b56a243d) Importer(815301076,1909f56bfc062723c751e8b465ee728b)  -> (artifact id: '5488205898b291d5bc25de1b4d0dc56a') in 0.052166 seconds 
  Import took 0.056502 seconds .

========================================================================
Received Import Request.
  Time since last request: 0.000305 seconds.
  path: Assets/Models/kitchen props/textures/dish-rack_metal.tga
  artifactKey: Guid(2f005d40ab2d49a488ce06c30a87c6bd) Importer(815301076,1909f56bfc062723c751e8b465ee728b)
Start importing Assets/Models/kitchen props/textures/dish-rack_metal.tga using Guid(2f005d40ab2d49a488ce06c30a87c6bd) Importer(815301076,1909f56bfc062723c751e8b465ee728b)  -> (artifact id: '2862dbbc438f6e65932e34109b9928d4') in 0.052223 seconds 
  Import took 0.075962 seconds .

========================================================================
Received Import Request.
  Time since last request: 0.000353 seconds.
  path: Assets/Models/kitchen props/textures/mug-metal.tga
  artifactKey: Guid(3e06b809254c60344a00b44ed88ae99a) Importer(815301076,1909f56bfc062723c751e8b465ee728b)
Start importing Assets/Models/kitchen props/textures/mug-metal.tga using Guid(3e06b809254c60344a00b44ed88ae99a) Importer(815301076,1909f56bfc062723c751e8b465ee728b)  -> (artifact id: '9e5982771d14dda41514c5504edb212f') in 0.054735 seconds 
  Import took 0.059186 seconds .

========================================================================
Received Import Request.
  Time since last request: 0.000347 seconds.
  path: Assets/Models/kitchen props/textures/dish-rack_normal.tga
  artifactKey: Guid(69afc4771611dd747b51cf2365e36508) Importer(815301076,1909f56bfc062723c751e8b465ee728b)
Start importing Assets/Models/kitchen props/textures/dish-rack_normal.tga using Guid(69afc4771611dd747b51cf2365e36508) Importer(815301076,1909f56bfc062723c751e8b465ee728b)  -> (artifact id: 'd105e3f64ee3955774ca10fc275641e2') in 0.053086 seconds 
  Import took 0.075816 seconds .

========================================================================
Received Import Request.
  Time since last request: 0.000329 seconds.
  path: Assets/Models/kitchen props/textures/coffee-cups_metal.tga
  artifactKey: Guid(b891e16690447314da461703edb98573) Importer(815301076,1909f56bfc062723c751e8b465ee728b)
Start importing Assets/Models/kitchen props/textures/coffee-cups_metal.tga using Guid(b891e16690447314da461703edb98573) Importer(815301076,1909f56bfc062723c751e8b465ee728b)  -> (artifact id: 'b0e9eac52a8c799463d25a1ad69a0191') in 0.051744 seconds 
  Import took 0.058744 seconds .

========================================================================
Received Import Request.
  Time since last request: 0.000289 seconds.
  path: Assets/Models/kitchen props/textures/mug-ao.tga
  artifactKey: Guid(926d1cd0ffb611246bca7696c86a9c56) Importer(815301076,1909f56bfc062723c751e8b465ee728b)
Start importing Assets/Models/kitchen props/textures/mug-ao.tga using Guid(926d1cd0ffb611246bca7696c86a9c56) Importer(815301076,1909f56bfc062723c751e8b465ee728b)  -> (artifact id: '6f848e3efb3034eec5b1b6b0c9837887') in 0.048276 seconds 
  Import took 0.052991 seconds .

========================================================================
Received Import Request.
  Time since last request: 0.000251 seconds.
  path: Assets/Models/kitchen props/textures/plates-albedo.tga
  artifactKey: Guid(91e7481fe4dca294d8d39b468c8d1142) Importer(815301076,1909f56bfc062723c751e8b465ee728b)
Start importing Assets/Models/kitchen props/textures/plates-albedo.tga using Guid(91e7481fe4dca294d8d39b468c8d1142) Importer(815301076,1909f56bfc062723c751e8b465ee728b)  -> (artifact id: 'a16519bde71e5355e2a8a235d61f12dc') in 0.051170 seconds 
  Import took 0.055795 seconds .

========================================================================
Received Import Request.
  Time since last request: 28.214205 seconds.
  path: Assets/Models
  artifactKey: Guid(5292e35049affb44b9caaae4567e1c0b) Importer(815301076,1909f56bfc062723c751e8b465ee728b)
Start importing Assets/Models using Guid(5292e35049affb44b9caaae4567e1c0b) Importer(815301076,1909f56bfc062723c751e8b465ee728b)  -> (artifact id: '4f0895d9725857b549b9b2a61dc72392') in 0.001764 seconds 
  Import took 0.006494 seconds .

========================================================================
Received Import Request.
  Time since last request: 6.069222 seconds.
  path: Assets/Models/toaster
  artifactKey: Guid(4ef95f674618cfd439c2c325ca96a8b3) Importer(815301076,1909f56bfc062723c751e8b465ee728b)
Start importing Assets/Models/toaster using Guid(4ef95f674618cfd439c2c325ca96a8b3) Importer(815301076,1909f56bfc062723c751e8b465ee728b)  -> (artifact id: '5a50d0f621b4c801ac8c17dab96a500a') in 0.001569 seconds 
  Import took 0.006501 seconds .

========================================================================
Received Import Request.
  Time since last request: 10.349132 seconds.
  path: Assets/Models/toaster/Textures
  artifactKey: Guid(88b19f7476a750549a0a41c475954163) Importer(815301076,1909f56bfc062723c751e8b465ee728b)
Start importing Assets/Models/toaster/Textures using Guid(88b19f7476a750549a0a41c475954163) Importer(815301076,1909f56bfc062723c751e8b465ee728b)  -> (artifact id: '76cb14528ebf8daaf8df2be613aafa2f') in 0.001618 seconds 
  Import took 0.516599 seconds .

========================================================================
Received Import Request.
  Time since last request: 18.709060 seconds.
  path: Assets/Models/toaster/Material
  artifactKey: Guid(df5658b72cba9684c97d340905ba6334) Importer(815301076,1909f56bfc062723c751e8b465ee728b)
Start importing Assets/Models/toaster/Material using Guid(df5658b72cba9684c97d340905ba6334) Importer(815301076,1909f56bfc062723c751e8b465ee728b)  -> (artifact id: 'b8816d436ef6a16a5385c2bbf69883db') in 0.001513 seconds 
  Import took 0.008510 seconds .

========================================================================
Received Import Request.
  Time since last request: 4.619943 seconds.
  path: Assets/Models/kitchen props/prefabs/bowl-stack.prefab
  artifactKey: Guid(8e763244a885c464895bf17d3f12fde4) Importer(815301076,1909f56bfc062723c751e8b465ee728b)
Start importing Assets/Models/kitchen props/prefabs/bowl-stack.prefab using Guid(8e763244a885c464895bf17d3f12fde4) Importer(815301076,1909f56bfc062723c751e8b465ee728b)  -> (artifact id: '5b147bd239faa77fa6a2c7f646cf95f1') in 0.413882 seconds 
  Import took 0.418695 seconds .

========================================================================
Received Import Request.
  Time since last request: 0.000458 seconds.
  path: Assets/Models/kitchen props/prefabs/plate-stack-large.prefab
  artifactKey: Guid(d27f67e930be4c64db19d14ca6201d12) Importer(815301076,1909f56bfc062723c751e8b465ee728b)
Start importing Assets/Models/kitchen props/prefabs/plate-stack-large.prefab using Guid(d27f67e930be4c64db19d14ca6201d12) Importer(815301076,1909f56bfc062723c751e8b465ee728b)  -> (artifact id: '91388c88f138c2157072c135a0b8c67e') in 0.254097 seconds 
  Import took 0.284888 seconds .

========================================================================
Received Import Request.
  Time since last request: 0.000512 seconds.
  path: Assets/Models/kitchen props/prefabs/dish-rack-full.prefab
  artifactKey: Guid(dcd0587b065a66040bf53ce3ab8edf86) Importer(815301076,1909f56bfc062723c751e8b465ee728b)
Start importing Assets/Models/kitchen props/prefabs/dish-rack-full.prefab using Guid(dcd0587b065a66040bf53ce3ab8edf86) Importer(815301076,1909f56bfc062723c751e8b465ee728b)  -> (artifact id: '62b24eb7192ffe90ee9df814cb64843e') in 0.799926 seconds 
  Import took 1.129255 seconds .

========================================================================
Received Import Request.
  Time since last request: 0.000391 seconds.
  path: Assets/Models/kitchen props/prefabs/plate-stack-small.prefab
  artifactKey: Guid(2b2f272f9ab448a429a68c3a3308d4fc) Importer(815301076,1909f56bfc062723c751e8b465ee728b)
Start importing Assets/Models/kitchen props/prefabs/plate-stack-small.prefab using Guid(2b2f272f9ab448a429a68c3a3308d4fc) Importer(815301076,1909f56bfc062723c751e8b465ee728b)  -> (artifact id: '69e5ffea424be7995a489835ff5da12e') in 0.216550 seconds 
  Import took 0.307236 seconds .

========================================================================
Received Prepare
Registering precompiled user dll's ...
Registered in 0.003830 seconds.
Begin MonoManager ReloadAssembly
Native extension for WindowsStandalone target not found
Refreshing native plugins compatible for Editor in 0.84 ms, found 2 plugins.
Preloading 0 native plugins for Editor in 0.00 ms.
Mono: successfully reloaded assembly
- Completed reload, in  1.127 seconds
Domain Reload Profiling:
	ReloadAssembly (1128ms)
		BeginReloadAssembly (134ms)
			ExecutionOrderSort (0ms)
			DisableScriptedObjects (7ms)
			BackupInstance (0ms)
			ReleaseScriptingObjects (0ms)
			CreateAndSetChildDomain (40ms)
		EndReloadAssembly (931ms)
			LoadAssemblies (94ms)
			RebuildTransferFunctionScriptingTraits (0ms)
			SetupTypeCache (311ms)
			ReleaseScriptCaches (1ms)
			RebuildScriptCaches (52ms)
			SetupLoadedEditorAssemblies (328ms)
				LogAssemblyErrors (0ms)
				InitializePlatformSupportModulesInManaged (4ms)
				SetLoadedEditorAssemblies (0ms)
				RefreshPlugins (1ms)
				BeforeProcessingInitializeOnLoad (90ms)
				ProcessInitializeOnLoadAttributes (213ms)
				ProcessInitializeOnLoadMethodAttributes (13ms)
				AfterProcessingInitializeOnLoad (6ms)
				EditorAssembliesLoaded (0ms)
			ExecutionOrderSort2 (0ms)
			AwakeInstancesAfterBackupRestoration (16ms)
Platform modules already initialized, skipping
Switching build target platform(19) subTarget(0) extendedPlatform(0) -> platform(13) subTarget(537395200) extendedPlatform(0)
Refreshing native plugins compatible for Editor in 0.78 ms, found 2 plugins.
Preloading 0 native plugins for Editor in 0.00 ms.
Unloading 2847 Unused Serialized files (Serialized files now loaded: 0)
System memory in use before: 126.1 MB.
System memory in use after: 126.3 MB.

Unloading 38 unused Assets to reduce memory usage. Loaded Objects now: 3448.
Total: 4.389100 ms (FindLiveObjects: 0.412400 ms CreateObjectMapping: 0.152800 ms MarkObjects: 3.786100 ms  DeleteObjects: 0.035600 ms)

AssetImportParameters requested are different than current active one (requested -> active):
  custom:framework-win-MediaFoundation: 216162199b28c13a410421893ffa2e32 -> 
  custom:video-decoder-ogg-theora: a1e56fd34408186e4bbccfd4996cb3dc -> 
  custom:container-muxer-webm: aa71ff27fc2769a1b78a27578f13a17b -> 
  custom:container-demuxer-webm: 4f35f7cbe854078d1ac9338744f61a02 -> 
  custom:container-demuxer-ogg: 62fdf1f143b41e24485cea50d1cbac27 -> 
  custom:video-encoder-webm-vp8: eb34c28f22e8b96e1ab97ce403110664 -> 
  custom:video-decoder-webm-vp8: 9c59270c3fd7afecdb556c50c9e8de78 -> 
  custom:graphics/normal-map-encoding: 01000000000000000000000000000000 -> 02000000000000000000000000000000
  custom:audio-decoder-ogg-vorbis: bf7c407c2cedff20999df2af8eb42d56 -> 
  custom:audio-encoder-webm-vorbis: bf7c407c2cedff20999df2af8eb42d56 -> 
========================================================================
Received Prepare
Registering precompiled user dll's ...
Registered in 0.003626 seconds.
Begin MonoManager ReloadAssembly
Native extension for WindowsStandalone target not found
Refreshing native plugins compatible for Editor in 0.77 ms, found 2 plugins.
Preloading 0 native plugins for Editor in 0.00 ms.
Mono: successfully reloaded assembly
- Completed reload, in  1.180 seconds
Domain Reload Profiling:
	ReloadAssembly (1181ms)
		BeginReloadAssembly (143ms)
			ExecutionOrderSort (0ms)
			DisableScriptedObjects (7ms)
			BackupInstance (0ms)
			ReleaseScriptingObjects (0ms)
			CreateAndSetChildDomain (45ms)
		EndReloadAssembly (969ms)
			LoadAssemblies (100ms)
			RebuildTransferFunctionScriptingTraits (0ms)
			SetupTypeCache (315ms)
			ReleaseScriptCaches (1ms)
			RebuildScriptCaches (54ms)
			SetupLoadedEditorAssemblies (343ms)
				LogAssemblyErrors (0ms)
				InitializePlatformSupportModulesInManaged (4ms)
				SetLoadedEditorAssemblies (0ms)
				RefreshPlugins (1ms)
				BeforeProcessingInitializeOnLoad (98ms)
				ProcessInitializeOnLoadAttributes (222ms)
				ProcessInitializeOnLoadMethodAttributes (11ms)
				AfterProcessingInitializeOnLoad (6ms)
				EditorAssembliesLoaded (0ms)
			ExecutionOrderSort2 (0ms)
			AwakeInstancesAfterBackupRestoration (17ms)
Platform modules already initialized, skipping
Switching build target platform(19) subTarget(0) extendedPlatform(0) -> platform(13) subTarget(537395200) extendedPlatform(0)
Refreshing native plugins compatible for Editor in 0.83 ms, found 2 plugins.
Preloading 0 native plugins for Editor in 0.00 ms.
Unloading 2848 Unused Serialized files (Serialized files now loaded: 0)
System memory in use before: 126.1 MB.
System memory in use after: 126.4 MB.

Unloading 38 unused Assets to reduce memory usage. Loaded Objects now: 3451.
Total: 3.799000 ms (FindLiveObjects: 0.402700 ms CreateObjectMapping: 0.145600 ms MarkObjects: 3.212900 ms  DeleteObjects: 0.035500 ms)

AssetImportParameters requested are different than current active one (requested -> active):
  custom:framework-win-MediaFoundation: 216162199b28c13a410421893ffa2e32 -> 
  custom:video-decoder-ogg-theora: a1e56fd34408186e4bbccfd4996cb3dc -> 
  custom:container-muxer-webm: aa71ff27fc2769a1b78a27578f13a17b -> 
  custom:container-demuxer-webm: 4f35f7cbe854078d1ac9338744f61a02 -> 
  custom:container-demuxer-ogg: 62fdf1f143b41e24485cea50d1cbac27 -> 
  custom:video-encoder-webm-vp8: eb34c28f22e8b96e1ab97ce403110664 -> 
  custom:video-decoder-webm-vp8: 9c59270c3fd7afecdb556c50c9e8de78 -> 
  custom:graphics/normal-map-encoding: 01000000000000000000000000000000 -> 02000000000000000000000000000000
  custom:audio-decoder-ogg-vorbis: bf7c407c2cedff20999df2af8eb42d56 -> 
  custom:audio-encoder-webm-vorbis: bf7c407c2cedff20999df2af8eb42d56 -> 
========================================================================
Received Import Request.
  Time since last request: 1014.071694 seconds.
  path: Assets/Scripts/Ads/AdsCore.cs
  artifactKey: Guid(beb58d5df301bd240a360aa7154e2513) Importer(815301076,1909f56bfc062723c751e8b465ee728b)
Start importing Assets/Scripts/Ads/AdsCore.cs using Guid(beb58d5df301bd240a360aa7154e2513) Importer(815301076,1909f56bfc062723c751e8b465ee728b)  -> (artifact id: 'ab67ab1cc1d69a6a8cea3ad6ab637f9e') in 0.007955 seconds 
  Import took 0.082409 seconds .

========================================================================
Received Import Request.
  Time since last request: 12.895453 seconds.
  path: Assets/Scripts/Ads/RewardAds.cs
  artifactKey: Guid(0e851b278d1077c4e9378f7a9b832d35) Importer(815301076,1909f56bfc062723c751e8b465ee728b)
Start importing Assets/Scripts/Ads/RewardAds.cs using Guid(0e851b278d1077c4e9378f7a9b832d35) Importer(815301076,1909f56bfc062723c751e8b465ee728b)  -> (artifact id: 'db84a85a3dd569b9b1bb9c3af6c0018c') in 0.001587 seconds 
  Import took 0.107536 seconds .

========================================================================
Received Prepare
Registering precompiled user dll's ...
Registered in 0.003484 seconds.
Begin MonoManager ReloadAssembly
Native extension for WindowsStandalone target not found
Refreshing native plugins compatible for Editor in 0.78 ms, found 2 plugins.
Preloading 0 native plugins for Editor in 0.00 ms.
Mono: successfully reloaded assembly
- Completed reload, in  1.201 seconds
Domain Reload Profiling:
	ReloadAssembly (1202ms)
		BeginReloadAssembly (148ms)
			ExecutionOrderSort (0ms)
			DisableScriptedObjects (9ms)
			BackupInstance (0ms)
			ReleaseScriptingObjects (0ms)
			CreateAndSetChildDomain (41ms)
		EndReloadAssembly (986ms)
			LoadAssemblies (121ms)
			RebuildTransferFunctionScriptingTraits (0ms)
			SetupTypeCache (311ms)
			ReleaseScriptCaches (1ms)
			RebuildScriptCaches (55ms)
			SetupLoadedEditorAssemblies (338ms)
				LogAssemblyErrors (0ms)
				InitializePlatformSupportModulesInManaged (4ms)
				SetLoadedEditorAssemblies (0ms)
				RefreshPlugins (1ms)
				BeforeProcessingInitializeOnLoad (96ms)
				ProcessInitializeOnLoadAttributes (217ms)
				ProcessInitializeOnLoadMethodAttributes (12ms)
				AfterProcessingInitializeOnLoad (6ms)
				EditorAssembliesLoaded (0ms)
			ExecutionOrderSort2 (0ms)
			AwakeInstancesAfterBackupRestoration (18ms)
Platform modules already initialized, skipping
Switching build target platform(19) subTarget(0) extendedPlatform(0) -> platform(13) subTarget(537395200) extendedPlatform(0)
Refreshing native plugins compatible for Editor in 0.76 ms, found 2 plugins.
Preloading 0 native plugins for Editor in 0.00 ms.
Unloading 2848 Unused Serialized files (Serialized files now loaded: 0)
System memory in use before: 126.2 MB.
System memory in use after: 126.4 MB.

Unloading 38 unused Assets to reduce memory usage. Loaded Objects now: 3453.
Total: 4.028200 ms (FindLiveObjects: 0.307000 ms CreateObjectMapping: 0.077100 ms MarkObjects: 3.612900 ms  DeleteObjects: 0.030000 ms)

AssetImportParameters requested are different than current active one (requested -> active):
  custom:framework-win-MediaFoundation: 216162199b28c13a410421893ffa2e32 -> 
  custom:video-decoder-ogg-theora: a1e56fd34408186e4bbccfd4996cb3dc -> 
  custom:container-muxer-webm: aa71ff27fc2769a1b78a27578f13a17b -> 
  custom:container-demuxer-webm: 4f35f7cbe854078d1ac9338744f61a02 -> 
  custom:container-demuxer-ogg: 62fdf1f143b41e24485cea50d1cbac27 -> 
  custom:video-encoder-webm-vp8: eb34c28f22e8b96e1ab97ce403110664 -> 
  custom:video-decoder-webm-vp8: 9c59270c3fd7afecdb556c50c9e8de78 -> 
  custom:graphics/normal-map-encoding: 01000000000000000000000000000000 -> 02000000000000000000000000000000
  custom:audio-decoder-ogg-vorbis: bf7c407c2cedff20999df2af8eb42d56 -> 
  custom:audio-encoder-webm-vorbis: bf7c407c2cedff20999df2af8eb42d56 -> 
========================================================================
Received Prepare
Registering precompiled user dll's ...
Registered in 0.003706 seconds.
Begin MonoManager ReloadAssembly
Native extension for WindowsStandalone target not found
Refreshing native plugins compatible for Editor in 0.76 ms, found 2 plugins.
Preloading 0 native plugins for Editor in 0.00 ms.
Mono: successfully reloaded assembly
- Completed reload, in  1.127 seconds
Domain Reload Profiling:
	ReloadAssembly (1127ms)
		BeginReloadAssembly (112ms)
			ExecutionOrderSort (0ms)
			DisableScriptedObjects (5ms)
			BackupInstance (0ms)
			ReleaseScriptingObjects (0ms)
			CreateAndSetChildDomain (36ms)
		EndReloadAssembly (941ms)
			LoadAssemblies (94ms)
			RebuildTransferFunctionScriptingTraits (0ms)
			SetupTypeCache (302ms)
			ReleaseScriptCaches (1ms)
			RebuildScriptCaches (55ms)
			SetupLoadedEditorAssemblies (324ms)
				LogAssemblyErrors (0ms)
				InitializePlatformSupportModulesInManaged (4ms)
				SetLoadedEditorAssemblies (0ms)
				RefreshPlugins (1ms)
				BeforeProcessingInitializeOnLoad (92ms)
				ProcessInitializeOnLoadAttributes (208ms)
				ProcessInitializeOnLoadMethodAttributes (12ms)
				AfterProcessingInitializeOnLoad (6ms)
				EditorAssembliesLoaded (0ms)
			ExecutionOrderSort2 (0ms)
			AwakeInstancesAfterBackupRestoration (17ms)
Platform modules already initialized, skipping
Switching build target platform(19) subTarget(0) extendedPlatform(0) -> platform(13) subTarget(537395200) extendedPlatform(0)
Refreshing native plugins compatible for Editor in 0.77 ms, found 2 plugins.
Preloading 0 native plugins for Editor in 0.00 ms.
Unloading 2848 Unused Serialized files (Serialized files now loaded: 0)
System memory in use before: 126.2 MB.
System memory in use after: 126.4 MB.

Unloading 38 unused Assets to reduce memory usage. Loaded Objects now: 3455.
Total: 4.021400 ms (FindLiveObjects: 0.518000 ms CreateObjectMapping: 0.199400 ms MarkObjects: 3.274500 ms  DeleteObjects: 0.027200 ms)

AssetImportParameters requested are different than current active one (requested -> active):
  custom:framework-win-MediaFoundation: 216162199b28c13a410421893ffa2e32 -> 
  custom:video-decoder-ogg-theora: a1e56fd34408186e4bbccfd4996cb3dc -> 
  custom:container-muxer-webm: aa71ff27fc2769a1b78a27578f13a17b -> 
  custom:container-demuxer-webm: 4f35f7cbe854078d1ac9338744f61a02 -> 
  custom:container-demuxer-ogg: 62fdf1f143b41e24485cea50d1cbac27 -> 
  custom:video-encoder-webm-vp8: eb34c28f22e8b96e1ab97ce403110664 -> 
  custom:video-decoder-webm-vp8: 9c59270c3fd7afecdb556c50c9e8de78 -> 
  custom:graphics/normal-map-encoding: 01000000000000000000000000000000 -> 02000000000000000000000000000000
  custom:audio-decoder-ogg-vorbis: bf7c407c2cedff20999df2af8eb42d56 -> 
  custom:audio-encoder-webm-vorbis: bf7c407c2cedff20999df2af8eb42d56 -> 
========================================================================
Received Prepare
Registering precompiled user dll's ...
Registered in 0.003593 seconds.
Begin MonoManager ReloadAssembly
Native extension for WindowsStandalone target not found
Refreshing native plugins compatible for Editor in 0.78 ms, found 2 plugins.
Preloading 0 native plugins for Editor in 0.00 ms.
Mono: successfully reloaded assembly
- Completed reload, in  1.135 seconds
Domain Reload Profiling:
	ReloadAssembly (1136ms)
		BeginReloadAssembly (113ms)
			ExecutionOrderSort (0ms)
			DisableScriptedObjects (5ms)
			BackupInstance (0ms)
			ReleaseScriptingObjects (0ms)
			CreateAndSetChildDomain (39ms)
		EndReloadAssembly (958ms)
			LoadAssemblies (92ms)
			RebuildTransferFunctionScriptingTraits (0ms)
			SetupTypeCache (299ms)
			ReleaseScriptCaches (1ms)
			RebuildScriptCaches (52ms)
			SetupLoadedEditorAssemblies (339ms)
				LogAssemblyErrors (0ms)
				InitializePlatformSupportModulesInManaged (4ms)
				SetLoadedEditorAssemblies (0ms)
				RefreshPlugins (1ms)
				BeforeProcessingInitializeOnLoad (98ms)
				ProcessInitializeOnLoadAttributes (217ms)
				ProcessInitializeOnLoadMethodAttributes (12ms)
				AfterProcessingInitializeOnLoad (6ms)
				EditorAssembliesLoaded (0ms)
			ExecutionOrderSort2 (0ms)
			AwakeInstancesAfterBackupRestoration (18ms)
Platform modules already initialized, skipping
Switching build target platform(19) subTarget(0) extendedPlatform(0) -> platform(13) subTarget(537395200) extendedPlatform(0)
Refreshing native plugins compatible for Editor in 0.78 ms, found 2 plugins.
Preloading 0 native plugins for Editor in 0.00 ms.
Unloading 2848 Unused Serialized files (Serialized files now loaded: 0)
System memory in use before: 126.2 MB.
System memory in use after: 126.4 MB.

Unloading 38 unused Assets to reduce memory usage. Loaded Objects now: 3457.
Total: 3.712700 ms (FindLiveObjects: 0.390700 ms CreateObjectMapping: 0.096200 ms MarkObjects: 3.188200 ms  DeleteObjects: 0.035600 ms)

AssetImportParameters requested are different than current active one (requested -> active):
  custom:framework-win-MediaFoundation: 216162199b28c13a410421893ffa2e32 -> 
  custom:video-decoder-ogg-theora: a1e56fd34408186e4bbccfd4996cb3dc -> 
  custom:container-muxer-webm: aa71ff27fc2769a1b78a27578f13a17b -> 
  custom:container-demuxer-webm: 4f35f7cbe854078d1ac9338744f61a02 -> 
  custom:container-demuxer-ogg: 62fdf1f143b41e24485cea50d1cbac27 -> 
  custom:video-encoder-webm-vp8: eb34c28f22e8b96e1ab97ce403110664 -> 
  custom:video-decoder-webm-vp8: 9c59270c3fd7afecdb556c50c9e8de78 -> 
  custom:graphics/normal-map-encoding: 01000000000000000000000000000000 -> 02000000000000000000000000000000
  custom:audio-decoder-ogg-vorbis: bf7c407c2cedff20999df2af8eb42d56 -> 
  custom:audio-encoder-webm-vorbis: bf7c407c2cedff20999df2af8eb42d56 -> 
AssetImportWorkerClient::OnTransportError - code=2 error=End of file
